<?xml version="1.0" encoding="UTF-8"?>
<!-- Generated by org.testng.reporters.JUnitXMLReporter -->
<testsuite ignored="0" hostname="DESKTOP-6LCO0GB" failures="1" tests="10" name="Free CRM App Test Cases" time="101.63" errors="0" timestamp="2023-08-18T12:15:13 EDT">
  <testcase classname="com.crm.qa.testcases.LoginPageTest" name="loginPageTitleTest" time="0.472"/>
  <testcase classname="com.crm.qa.testcases.LoginPageTest" name="crmLogoImageTest" time="0.604"/>
  <testcase classname="com.crm.qa.testcases.LoginPageTest" name="loginTest" time="4.895"/>
  <testcase classname="com.crm.qa.testcases.HomePageTest" name="verfiyHomePageTitleTest" time="0.013"/>
  <testcase classname="com.crm.qa.testcases.HomePageTest" name="verifyUserNameTest" time="1.401"/>
  <testcase classname="com.crm.qa.testcases.HomePageTest" name="verifyContactsLinkTest" time="2.398"/>
  <testcase classname="com.crm.qa.testcases.ContactsPageTest" name="verifyContactsPageLabel" time="0.181"/>
  <testcase classname="com.crm.qa.testcases.ContactsPageTest" name="selectContactsTest" time="0.405"/>
  <testcase classname="com.crm.qa.testcases.ContactsPageTest" name="selectMultipleContactsTest" time="0.724"/>
  <testcase classname="com.crm.qa.testcases.ContactsPageTest" name="validateCreateNewContact" time="0.0">
    <failure type="java.lang.RuntimeException" message="java.lang.NoSuchMethodError: &amp;apos;void org.apache.poi.util.POILogger.log(int, java.lang.Object)&amp;apos;">
      <![CDATA[java.lang.RuntimeException: java.lang.NoSuchMethodError: 'void org.apache.poi.util.POILogger.log(int, java.lang.Object)'
at java.base/java.util.ArrayList.forEach(ArrayList.java:1511)
Caused by: java.lang.NoSuchMethodError: 'void org.apache.poi.util.POILogger.log(int, java.lang.Object)'
at org.apache.poi.openxml4j.opc.PackageRelationshipCollection.parseRelationshipsPart(PackageRelationshipCollection.java:304)
at org.apache.poi.openxml4j.opc.PackageRelationshipCollection.<init>(PackageRelationshipCollection.java:156)
at org.apache.poi.openxml4j.opc.PackageRelationshipCollection.<init>(PackageRelationshipCollection.java:124)
at org.apache.poi.openxml4j.opc.PackagePart.loadRelationships(PackagePart.java:559)
at org.apache.poi.openxml4j.opc.PackagePart.<init>(PackagePart.java:112)
at org.apache.poi.openxml4j.opc.PackagePart.<init>(PackagePart.java:83)
at org.apache.poi.openxml4j.opc.PackagePart.<init>(PackagePart.java:128)
at org.apache.poi.openxml4j.opc.ZipPackagePart.<init>(ZipPackagePart.java:78)
at org.apache.poi.openxml4j.opc.ZipPackage.getPartsImpl(ZipPackage.java:218)
at org.apache.poi.openxml4j.opc.OPCPackage.getParts(OPCPackage.java:662)
at org.apache.poi.openxml4j.opc.OPCPackage.open(OPCPackage.java:269)
at org.apache.poi.ss.usermodel.WorkbookFactory.create(WorkbookFactory.java:73)
at com.crm.qa.util.TestUtil.getTestData(TestUtil.java:39)
at com.crm.qa.testcases.ContactsPageTest.getCRMTestData(ContactsPageTest.java:79)
... 25 more
... Removed 30 stack frames]]>
    </failure>
  </testcase> <!-- validateCreateNewContact -->
</testsuite> <!-- Free CRM App Test Cases -->
