<?xml version="1.0" encoding="UTF-8"?>
<!-- Generated by org.testng.reporters.JUnitXMLReporter -->
<testsuite ignored="0" hostname="DESKTOP-6LCO0GB" failures="0" tests="4" name="Test" time="49.127" errors="0" timestamp="2023-07-18T17:14:43 EDT">
  <testcase classname="tests.LoginTest" name="loginEmailWithSepcialCharTest" time="4.68"/>
  <testcase classname="tests.LoginTest" name="LoginWithEmptyEmailTest" time="4.056"/>
  <testcase classname="tests.LoginTest" name="LoginWithEmptyPasswordTest" time="4.22"/>
  <testcase classname="tests.LoginTest" name="loginWrongEmailPasswordTest" time="4.299"/>
</testsuite> <!-- Test -->
