<?xml version="1.0" encoding="UTF-8"?>
<testsuite xmlns:xsi="http://www.w3.org/2001/XMLSchema-instance" xsi:noNamespaceSchemaLocation="https://maven.apache.org/surefire/maven-surefire-plugin/xsd/surefire-test-report.xsd" name="TestSuite" time="160.172" tests="12" errors="0" skipped="0" failures="3">
  <properties>
[...]
</properties>
  <testcase name="verifyContactsPageLabel" classname="com.crm.qa.testcases.ContactsPageTest" time="0.145"/>
  <testcase name="selectContactsTest" classname="com.crm.qa.testcases.ContactsPageTest" time="0.446"/>
  <testcase name="selectMultipleContactsTest" classname="com.crm.qa.testcases.ContactsPageTest" time="0.851"/>
  <testcase name="validateCreateNewContact" classname="com.crm.qa.testcases.ContactsPageTest" time="1.974">
    <failure message="element not interactable&#10;  (Session info: chrome=116.0.5845.98)&#10;Build info: version: &apos;3.141.59&apos;, revision: &apos;e82be7d358&apos;, time: &apos;2018-11-14T08:17:03&apos;&#10;System info: host: &apos;DESKTOP-6LCO0GB&apos;, ip: &apos;192.168.0.173&apos;, os.name: &apos;Windows 10&apos;, os.arch: &apos;amd64&apos;, os.version: &apos;10.0&apos;, java.version: &apos;20&apos;&#10;Driver info: org.openqa.selenium.chrome.ChromeDriver&#10;Capabilities {acceptInsecureCerts: false, browserName: chrome, browserVersion: 116.0.5845.98, chrome: {chromedriverVersion: 115.0.5790.102 (90efd4b0ad6..., userDataDir: C:\Users\vivek\AppData\Loca...}, goog:chromeOptions: {debuggerAddress: localhost:52827}, javascriptEnabled: true, networkConnectionEnabled: false, pageLoadStrategy: normal, platform: WINDOWS, platformName: WINDOWS, proxy: Proxy(), setWindowRect: true, strictFileInteractability: false, timeouts: {implicit: 0, pageLoad: 300000, script: 30000}, unhandledPromptBehavior: dismiss and notify, webauthn:extension:credBlob: true, webauthn:extension:largeBlob: true, webauthn:extension:minPinLength: true, webauthn:extension:prf: true, webauthn:virtualAuthenticators: true}&#10;Session ID: 1b8177935d4700650eea8d01b394cda2" type="org.openqa.selenium.ElementNotInteractableException">org.openqa.selenium.ElementNotInteractableException: 
element not interactable
  (Session info: chrome=116.0.5845.98)
Build info: version: '3.141.59', revision: 'e82be7d358', time: '2018-11-14T08:17:03'
System info: host: 'DESKTOP-6LCO0GB', ip: '192.168.0.173', os.name: 'Windows 10', os.arch: 'amd64', os.version: '10.0', java.version: '20'
Driver info: org.openqa.selenium.chrome.ChromeDriver
Capabilities {acceptInsecureCerts: false, browserName: chrome, browserVersion: 116.0.5845.98, chrome: {chromedriverVersion: 115.0.5790.102 (90efd4b0ad6..., userDataDir: C:\Users\vivek\AppData\Loca...}, goog:chromeOptions: {debuggerAddress: localhost:52827}, javascriptEnabled: true, networkConnectionEnabled: false, pageLoadStrategy: normal, platform: WINDOWS, platformName: WINDOWS, proxy: Proxy(), setWindowRect: true, strictFileInteractability: false, timeouts: {implicit: 0, pageLoad: 300000, script: 30000}, unhandledPromptBehavior: dismiss and notify, webauthn:extension:credBlob: true, webauthn:extension:largeBlob: true, webauthn:extension:minPinLength: true, webauthn:extension:prf: true, webauthn:virtualAuthenticators: true}
Session ID: 1b8177935d4700650eea8d01b394cda2
	at com.crm.qa.testcases.ContactsPageTest.validateCreateNewContact(ContactsPageTest.java:97)
</failure>
    <system-out><![CDATA[Tom
Peter
Google
David
Chris
Amazon
Mukta
Sharma
Ebay
Before navigating to: 'https://freecrm.com'
Navigated to:'https://freecrm.com'
Trying to find Element By : By.xpath: //a[@class='btn btn-primary btn-xs-2 btn-shadow btn-rect btn-icon btn-icon-left']
Found Element By : By.xpath: //a[@class='btn btn-primary btn-xs-2 btn-shadow btn-rect btn-icon btn-icon-left']
Trying to click on: [[ChromeDriver: chrome on WINDOWS (1b8177935d4700650eea8d01b394cda2)] -> xpath: //a[@class='btn btn-primary btn-xs-2 btn-shadow btn-rect btn-icon btn-icon-left']]
Clicked on: [[ChromeDriver: chrome on WINDOWS (1b8177935d4700650eea8d01b394cda2)] -> xpath: //a[@class='btn btn-primary btn-xs-2 btn-shadow btn-rect btn-icon btn-icon-left']]
Trying to find Element By : By.name: email
Found Element By : By.name: email
Trying to find Element By : By.name: password
Found Element By : By.name: password
Trying to find Element By : By.xpath: //div[@class='ui fluid large blue submit button']
Found Element By : By.xpath: //div[@class='ui fluid large blue submit button']
Trying to click on: [[ChromeDriver: chrome on WINDOWS (1b8177935d4700650eea8d01b394cda2)] -> xpath: //div[@class='ui fluid large blue submit button']]
Clicked on: [[ChromeDriver: chrome on WINDOWS (1b8177935d4700650eea8d01b394cda2)] -> xpath: //div[@class='ui fluid large blue submit button']]
Trying to find Element By : By.xpath: //span[contains(text(),'Contacts')]
Found Element By : By.xpath: //span[contains(text(),'Contacts')]
Trying to click on: [[ChromeDriver: chrome on WINDOWS (1b8177935d4700650eea8d01b394cda2)] -> xpath: //span[contains(text(),'Contacts')]]
Clicked on: [[ChromeDriver: chrome on WINDOWS (1b8177935d4700650eea8d01b394cda2)] -> xpath: //span[contains(text(),'Contacts')]]
Trying to find Element By : By.xpath: //span[contains(text(),'Contacts')]
Found Element By : By.xpath: //span[contains(text(),'Contacts')]
Trying to click on: [[ChromeDriver: chrome on WINDOWS (1b8177935d4700650eea8d01b394cda2)] -> xpath: //span[contains(text(),'Contacts')]]
Clicked on: [[ChromeDriver: chrome on WINDOWS (1b8177935d4700650eea8d01b394cda2)] -> xpath: //span[contains(text(),'Contacts')]]
Trying to find Element By : By.xpath: //button[contains(text(),'Create')]
Found Element By : By.xpath: //button[contains(text(),'Create')]
Trying to click on: [[ChromeDriver: chrome on WINDOWS (1b8177935d4700650eea8d01b394cda2)] -> xpath: //button[contains(text(),'Create')]]
Clicked on: [[ChromeDriver: chrome on WINDOWS (1b8177935d4700650eea8d01b394cda2)] -> xpath: //button[contains(text(),'Create')]]
Trying to find Element By : By.name: first_name
Found Element By : By.name: first_name
Trying to find Element By : By.name: last_name
Found Element By : By.name: last_name
Trying to find Element By : By.className: search
Found Element By : By.className: search
Exception occured: org.openqa.selenium.ElementNotInteractableException: element not interactable
  (Session info: chrome=116.0.5845.98)
Build info: version: '3.141.59', revision: 'e82be7d358', time: '2018-11-14T08:17:03'
System info: host: 'DESKTOP-6LCO0GB', ip: '192.168.0.173', os.name: 'Windows 10', os.arch: 'amd64', os.version: '10.0', java.version: '20'
Driver info: org.openqa.selenium.chrome.ChromeDriver
Capabilities {acceptInsecureCerts: false, browserName: chrome, browserVersion: 116.0.5845.98, chrome: {chromedriverVersion: 115.0.5790.102 (90efd4b0ad6..., userDataDir: C:\Users\vivek\AppData\Loca...}, goog:chromeOptions: {debuggerAddress: localhost:52827}, javascriptEnabled: true, networkConnectionEnabled: false, pageLoadStrategy: normal, platform: WINDOWS, platformName: WINDOWS, proxy: Proxy(), setWindowRect: true, strictFileInteractability: false, timeouts: {implicit: 0, pageLoad: 300000, script: 30000}, unhandledPromptBehavior: dismiss and notify, webauthn:extension:credBlob: true, webauthn:extension:largeBlob: true, webauthn:extension:minPinLength: true, webauthn:extension:prf: true, webauthn:virtualAuthenticators: true}
Session ID: 1b8177935d4700650eea8d01b394cda2
]]></system-out>
    <system-err><![CDATA[Starting ChromeDriver 115.0.5790.102 (90efd4b0ad6aa15eeafcdabd5817ae939f7ba059-refs/branch-heads/5790_90@{#9}) on port 38359
Only local connections are allowed.
Please see https://chromedriver.chromium.org/security-considerations for suggestions on keeping ChromeDriver safe.
ChromeDriver was started successfully.
[1692908547.257][WARNING]: This version of ChromeDriver has not been tested with Chrome version 116.
Aug 24, 2023 4:22:28 P.M. org.openqa.selenium.remote.ProtocolHandshake createSession
INFO: Detected dialect: W3C
]]></system-err>
  </testcase>
  <testcase name="validateCreateNewContact" classname="com.crm.qa.testcases.ContactsPageTest" time="1.893">
    <failure message="element not interactable&#10;  (Session info: chrome=116.0.5845.98)&#10;Build info: version: &apos;3.141.59&apos;, revision: &apos;e82be7d358&apos;, time: &apos;2018-11-14T08:17:03&apos;&#10;System info: host: &apos;DESKTOP-6LCO0GB&apos;, ip: &apos;192.168.0.173&apos;, os.name: &apos;Windows 10&apos;, os.arch: &apos;amd64&apos;, os.version: &apos;10.0&apos;, java.version: &apos;20&apos;&#10;Driver info: org.openqa.selenium.chrome.ChromeDriver&#10;Capabilities {acceptInsecureCerts: false, browserName: chrome, browserVersion: 116.0.5845.98, chrome: {chromedriverVersion: 115.0.5790.102 (90efd4b0ad6..., userDataDir: C:\Users\vivek\AppData\Loca...}, goog:chromeOptions: {debuggerAddress: localhost:52974}, javascriptEnabled: true, networkConnectionEnabled: false, pageLoadStrategy: normal, platform: WINDOWS, platformName: WINDOWS, proxy: Proxy(), setWindowRect: true, strictFileInteractability: false, timeouts: {implicit: 0, pageLoad: 300000, script: 30000}, unhandledPromptBehavior: dismiss and notify, webauthn:extension:credBlob: true, webauthn:extension:largeBlob: true, webauthn:extension:minPinLength: true, webauthn:extension:prf: true, webauthn:virtualAuthenticators: true}&#10;Session ID: 9d1bc04669fbb130e89c6c0faf10cae7" type="org.openqa.selenium.ElementNotInteractableException">org.openqa.selenium.ElementNotInteractableException: 
element not interactable
  (Session info: chrome=116.0.5845.98)
Build info: version: '3.141.59', revision: 'e82be7d358', time: '2018-11-14T08:17:03'
System info: host: 'DESKTOP-6LCO0GB', ip: '192.168.0.173', os.name: 'Windows 10', os.arch: 'amd64', os.version: '10.0', java.version: '20'
Driver info: org.openqa.selenium.chrome.ChromeDriver
Capabilities {acceptInsecureCerts: false, browserName: chrome, browserVersion: 116.0.5845.98, chrome: {chromedriverVersion: 115.0.5790.102 (90efd4b0ad6..., userDataDir: C:\Users\vivek\AppData\Loca...}, goog:chromeOptions: {debuggerAddress: localhost:52974}, javascriptEnabled: true, networkConnectionEnabled: false, pageLoadStrategy: normal, platform: WINDOWS, platformName: WINDOWS, proxy: Proxy(), setWindowRect: true, strictFileInteractability: false, timeouts: {implicit: 0, pageLoad: 300000, script: 30000}, unhandledPromptBehavior: dismiss and notify, webauthn:extension:credBlob: true, webauthn:extension:largeBlob: true, webauthn:extension:minPinLength: true, webauthn:extension:prf: true, webauthn:virtualAuthenticators: true}
Session ID: 9d1bc04669fbb130e89c6c0faf10cae7
	at com.crm.qa.testcases.ContactsPageTest.validateCreateNewContact(ContactsPageTest.java:97)
</failure>
    <system-out><![CDATA[Before navigating to: 'https://freecrm.com'
Navigated to:'https://freecrm.com'
Trying to find Element By : By.xpath: //a[@class='btn btn-primary btn-xs-2 btn-shadow btn-rect btn-icon btn-icon-left']
Found Element By : By.xpath: //a[@class='btn btn-primary btn-xs-2 btn-shadow btn-rect btn-icon btn-icon-left']
Trying to click on: [[ChromeDriver: chrome on WINDOWS (9d1bc04669fbb130e89c6c0faf10cae7)] -> xpath: //a[@class='btn btn-primary btn-xs-2 btn-shadow btn-rect btn-icon btn-icon-left']]
Clicked on: [[ChromeDriver: chrome on WINDOWS (9d1bc04669fbb130e89c6c0faf10cae7)] -> xpath: //a[@class='btn btn-primary btn-xs-2 btn-shadow btn-rect btn-icon btn-icon-left']]
Trying to find Element By : By.name: email
Found Element By : By.name: email
Trying to find Element By : By.name: password
Found Element By : By.name: password
Trying to find Element By : By.xpath: //div[@class='ui fluid large blue submit button']
Found Element By : By.xpath: //div[@class='ui fluid large blue submit button']
Trying to click on: [[ChromeDriver: chrome on WINDOWS (9d1bc04669fbb130e89c6c0faf10cae7)] -> xpath: //div[@class='ui fluid large blue submit button']]
Clicked on: [[ChromeDriver: chrome on WINDOWS (9d1bc04669fbb130e89c6c0faf10cae7)] -> xpath: //div[@class='ui fluid large blue submit button']]
Trying to find Element By : By.xpath: //span[contains(text(),'Contacts')]
Found Element By : By.xpath: //span[contains(text(),'Contacts')]
Trying to click on: [[ChromeDriver: chrome on WINDOWS (9d1bc04669fbb130e89c6c0faf10cae7)] -> xpath: //span[contains(text(),'Contacts')]]
Clicked on: [[ChromeDriver: chrome on WINDOWS (9d1bc04669fbb130e89c6c0faf10cae7)] -> xpath: //span[contains(text(),'Contacts')]]
Trying to find Element By : By.xpath: //span[contains(text(),'Contacts')]
Found Element By : By.xpath: //span[contains(text(),'Contacts')]
Trying to click on: [[ChromeDriver: chrome on WINDOWS (9d1bc04669fbb130e89c6c0faf10cae7)] -> xpath: //span[contains(text(),'Contacts')]]
Clicked on: [[ChromeDriver: chrome on WINDOWS (9d1bc04669fbb130e89c6c0faf10cae7)] -> xpath: //span[contains(text(),'Contacts')]]
Trying to find Element By : By.xpath: //button[contains(text(),'Create')]
Found Element By : By.xpath: //button[contains(text(),'Create')]
Trying to click on: [[ChromeDriver: chrome on WINDOWS (9d1bc04669fbb130e89c6c0faf10cae7)] -> xpath: //button[contains(text(),'Create')]]
Clicked on: [[ChromeDriver: chrome on WINDOWS (9d1bc04669fbb130e89c6c0faf10cae7)] -> xpath: //button[contains(text(),'Create')]]
Trying to find Element By : By.name: first_name
Found Element By : By.name: first_name
Trying to find Element By : By.name: last_name
Found Element By : By.name: last_name
Trying to find Element By : By.className: search
Found Element By : By.className: search
Exception occured: org.openqa.selenium.ElementNotInteractableException: element not interactable
  (Session info: chrome=116.0.5845.98)
Build info: version: '3.141.59', revision: 'e82be7d358', time: '2018-11-14T08:17:03'
System info: host: 'DESKTOP-6LCO0GB', ip: '192.168.0.173', os.name: 'Windows 10', os.arch: 'amd64', os.version: '10.0', java.version: '20'
Driver info: org.openqa.selenium.chrome.ChromeDriver
Capabilities {acceptInsecureCerts: false, browserName: chrome, browserVersion: 116.0.5845.98, chrome: {chromedriverVersion: 115.0.5790.102 (90efd4b0ad6..., userDataDir: C:\Users\vivek\AppData\Loca...}, goog:chromeOptions: {debuggerAddress: localhost:52974}, javascriptEnabled: true, networkConnectionEnabled: false, pageLoadStrategy: normal, platform: WINDOWS, platformName: WINDOWS, proxy: Proxy(), setWindowRect: true, strictFileInteractability: false, timeouts: {implicit: 0, pageLoad: 300000, script: 30000}, unhandledPromptBehavior: dismiss and notify, webauthn:extension:credBlob: true, webauthn:extension:largeBlob: true, webauthn:extension:minPinLength: true, webauthn:extension:prf: true, webauthn:virtualAuthenticators: true}
Session ID: 9d1bc04669fbb130e89c6c0faf10cae7
]]></system-out>
    <system-err><![CDATA[Starting ChromeDriver 115.0.5790.102 (90efd4b0ad6aa15eeafcdabd5817ae939f7ba059-refs/branch-heads/5790_90@{#9}) on port 42906
Only local connections are allowed.
Please see https://chromedriver.chromium.org/security-considerations for suggestions on keeping ChromeDriver safe.
ChromeDriver was started successfully.
[1692908562.424][WARNING]: This version of ChromeDriver has not been tested with Chrome version 116.
Aug 24, 2023 4:22:43 P.M. org.openqa.selenium.remote.ProtocolHandshake createSession
INFO: Detected dialect: W3C
]]></system-err>
  </testcase>
  <testcase name="validateCreateNewContact" classname="com.crm.qa.testcases.ContactsPageTest" time="1.882">
    <failure message="element not interactable&#10;  (Session info: chrome=116.0.5845.98)&#10;Build info: version: &apos;3.141.59&apos;, revision: &apos;e82be7d358&apos;, time: &apos;2018-11-14T08:17:03&apos;&#10;System info: host: &apos;DESKTOP-6LCO0GB&apos;, ip: &apos;192.168.0.173&apos;, os.name: &apos;Windows 10&apos;, os.arch: &apos;amd64&apos;, os.version: &apos;10.0&apos;, java.version: &apos;20&apos;&#10;Driver info: org.openqa.selenium.chrome.ChromeDriver&#10;Capabilities {acceptInsecureCerts: false, browserName: chrome, browserVersion: 116.0.5845.98, chrome: {chromedriverVersion: 115.0.5790.102 (90efd4b0ad6..., userDataDir: C:\Users\vivek\AppData\Loca...}, goog:chromeOptions: {debuggerAddress: localhost:53129}, javascriptEnabled: true, networkConnectionEnabled: false, pageLoadStrategy: normal, platform: WINDOWS, platformName: WINDOWS, proxy: Proxy(), setWindowRect: true, strictFileInteractability: false, timeouts: {implicit: 0, pageLoad: 300000, script: 30000}, unhandledPromptBehavior: dismiss and notify, webauthn:extension:credBlob: true, webauthn:extension:largeBlob: true, webauthn:extension:minPinLength: true, webauthn:extension:prf: true, webauthn:virtualAuthenticators: true}&#10;Session ID: c5eca2e95853be2eaa8303d8801a9a1b" type="org.openqa.selenium.ElementNotInteractableException">org.openqa.selenium.ElementNotInteractableException: 
element not interactable
  (Session info: chrome=116.0.5845.98)
Build info: version: '3.141.59', revision: 'e82be7d358', time: '2018-11-14T08:17:03'
System info: host: 'DESKTOP-6LCO0GB', ip: '192.168.0.173', os.name: 'Windows 10', os.arch: 'amd64', os.version: '10.0', java.version: '20'
Driver info: org.openqa.selenium.chrome.ChromeDriver
Capabilities {acceptInsecureCerts: false, browserName: chrome, browserVersion: 116.0.5845.98, chrome: {chromedriverVersion: 115.0.5790.102 (90efd4b0ad6..., userDataDir: C:\Users\vivek\AppData\Loca...}, goog:chromeOptions: {debuggerAddress: localhost:53129}, javascriptEnabled: true, networkConnectionEnabled: false, pageLoadStrategy: normal, platform: WINDOWS, platformName: WINDOWS, proxy: Proxy(), setWindowRect: true, strictFileInteractability: false, timeouts: {implicit: 0, pageLoad: 300000, script: 30000}, unhandledPromptBehavior: dismiss and notify, webauthn:extension:credBlob: true, webauthn:extension:largeBlob: true, webauthn:extension:minPinLength: true, webauthn:extension:prf: true, webauthn:virtualAuthenticators: true}
Session ID: c5eca2e95853be2eaa8303d8801a9a1b
	at com.crm.qa.testcases.ContactsPageTest.validateCreateNewContact(ContactsPageTest.java:97)
</failure>
    <system-out><![CDATA[Before navigating to: 'https://freecrm.com'
Navigated to:'https://freecrm.com'
Trying to find Element By : By.xpath: //a[@class='btn btn-primary btn-xs-2 btn-shadow btn-rect btn-icon btn-icon-left']
Found Element By : By.xpath: //a[@class='btn btn-primary btn-xs-2 btn-shadow btn-rect btn-icon btn-icon-left']
Trying to click on: [[ChromeDriver: chrome on WINDOWS (c5eca2e95853be2eaa8303d8801a9a1b)] -> xpath: //a[@class='btn btn-primary btn-xs-2 btn-shadow btn-rect btn-icon btn-icon-left']]
Clicked on: [[ChromeDriver: chrome on WINDOWS (c5eca2e95853be2eaa8303d8801a9a1b)] -> xpath: //a[@class='btn btn-primary btn-xs-2 btn-shadow btn-rect btn-icon btn-icon-left']]
Trying to find Element By : By.name: email
Found Element By : By.name: email
Trying to find Element By : By.name: password
Found Element By : By.name: password
Trying to find Element By : By.xpath: //div[@class='ui fluid large blue submit button']
Found Element By : By.xpath: //div[@class='ui fluid large blue submit button']
Trying to click on: [[ChromeDriver: chrome on WINDOWS (c5eca2e95853be2eaa8303d8801a9a1b)] -> xpath: //div[@class='ui fluid large blue submit button']]
Clicked on: [[ChromeDriver: chrome on WINDOWS (c5eca2e95853be2eaa8303d8801a9a1b)] -> xpath: //div[@class='ui fluid large blue submit button']]
Trying to find Element By : By.xpath: //span[contains(text(),'Contacts')]
Found Element By : By.xpath: //span[contains(text(),'Contacts')]
Trying to click on: [[ChromeDriver: chrome on WINDOWS (c5eca2e95853be2eaa8303d8801a9a1b)] -> xpath: //span[contains(text(),'Contacts')]]
Clicked on: [[ChromeDriver: chrome on WINDOWS (c5eca2e95853be2eaa8303d8801a9a1b)] -> xpath: //span[contains(text(),'Contacts')]]
Trying to find Element By : By.xpath: //span[contains(text(),'Contacts')]
Found Element By : By.xpath: //span[contains(text(),'Contacts')]
Trying to click on: [[ChromeDriver: chrome on WINDOWS (c5eca2e95853be2eaa8303d8801a9a1b)] -> xpath: //span[contains(text(),'Contacts')]]
Clicked on: [[ChromeDriver: chrome on WINDOWS (c5eca2e95853be2eaa8303d8801a9a1b)] -> xpath: //span[contains(text(),'Contacts')]]
Trying to find Element By : By.xpath: //button[contains(text(),'Create')]
Found Element By : By.xpath: //button[contains(text(),'Create')]
Trying to click on: [[ChromeDriver: chrome on WINDOWS (c5eca2e95853be2eaa8303d8801a9a1b)] -> xpath: //button[contains(text(),'Create')]]
Clicked on: [[ChromeDriver: chrome on WINDOWS (c5eca2e95853be2eaa8303d8801a9a1b)] -> xpath: //button[contains(text(),'Create')]]
Trying to find Element By : By.name: first_name
Found Element By : By.name: first_name
Trying to find Element By : By.name: last_name
Found Element By : By.name: last_name
Trying to find Element By : By.className: search
Found Element By : By.className: search
Exception occured: org.openqa.selenium.ElementNotInteractableException: element not interactable
  (Session info: chrome=116.0.5845.98)
Build info: version: '3.141.59', revision: 'e82be7d358', time: '2018-11-14T08:17:03'
System info: host: 'DESKTOP-6LCO0GB', ip: '192.168.0.173', os.name: 'Windows 10', os.arch: 'amd64', os.version: '10.0', java.version: '20'
Driver info: org.openqa.selenium.chrome.ChromeDriver
Capabilities {acceptInsecureCerts: false, browserName: chrome, browserVersion: 116.0.5845.98, chrome: {chromedriverVersion: 115.0.5790.102 (90efd4b0ad6..., userDataDir: C:\Users\vivek\AppData\Loca...}, goog:chromeOptions: {debuggerAddress: localhost:53129}, javascriptEnabled: true, networkConnectionEnabled: false, pageLoadStrategy: normal, platform: WINDOWS, platformName: WINDOWS, proxy: Proxy(), setWindowRect: true, strictFileInteractability: false, timeouts: {implicit: 0, pageLoad: 300000, script: 30000}, unhandledPromptBehavior: dismiss and notify, webauthn:extension:credBlob: true, webauthn:extension:largeBlob: true, webauthn:extension:minPinLength: true, webauthn:extension:prf: true, webauthn:virtualAuthenticators: true}
Session ID: c5eca2e95853be2eaa8303d8801a9a1b
]]></system-out>
    <system-err><![CDATA[Starting ChromeDriver 115.0.5790.102 (90efd4b0ad6aa15eeafcdabd5817ae939f7ba059-refs/branch-heads/5790_90@{#9}) on port 43687
Only local connections are allowed.
Please see https://chromedriver.chromium.org/security-considerations for suggestions on keeping ChromeDriver safe.
ChromeDriver was started successfully.
[1692908577.537][WARNING]: This version of ChromeDriver has not been tested with Chrome version 116.
Aug 24, 2023 4:22:58 P.M. org.openqa.selenium.remote.ProtocolHandshake createSession
INFO: Detected dialect: W3C
]]></system-err>
  </testcase>
  <testcase name="verfiyHomePageTitleTest" classname="com.crm.qa.testcases.HomePageTest" time="0.008"/>
  <testcase name="verifyUserNameTest" classname="com.crm.qa.testcases.HomePageTest" time="1.921"/>
  <testcase name="verifyContactsLinkTest" classname="com.crm.qa.testcases.HomePageTest" time="1.858"/>
  <testcase name="loginPageTitleTest" classname="com.crm.qa.testcases.LoginPageTest" time="0.428"/>
  <testcase name="crmLogoImageTest" classname="com.crm.qa.testcases.LoginPageTest" time="0.416"/>
  <testcase name="loginTest" classname="com.crm.qa.testcases.LoginPageTest" time="5.272"/>
</testsuite>